        -:    0:Source:dominion.c
        -:    0:Graph:dominion.gcno
        -:    0:Data:dominion.gcda
        -:    0:Runs:1
        -:    0:Programs:1
        -:    1:#include "dominion.h"
        -:    2:#include "dominion_helpers.h"
        -:    3:#include "rngs.h"
        -:    4:#include <stdio.h>
        -:    5:#include <math.h>
        -:    6:#include <stdlib.h>
        -:    7:
       30:    8:int compare(const void* a, const void* b) {
       30:    9:  if (*(int*)a > *(int*)b)
    #####:   10:    return 1;
       30:   11:  if (*(int*)a < *(int*)b)
        8:   12:    return -1;
       22:   13:  return 0;
        -:   14:}
        -:   15:
    #####:   16:struct gameState* newGame() {
    #####:   17:  struct gameState* g = malloc(sizeof(struct gameState));
    #####:   18:  return g;
        -:   19:}
        -:   20:
    #####:   21:int* kingdomCards(int k1, int k2, int k3, int k4, int k5, int k6, int k7,
        -:   22:		  int k8, int k9, int k10) {
    #####:   23:  int* k = malloc(10 * sizeof(int));
    #####:   24:  k[0] = k1;
    #####:   25:  k[1] = k2;
    #####:   26:  k[2] = k3;
    #####:   27:  k[3] = k4;
    #####:   28:  k[4] = k5;
    #####:   29:  k[5] = k6;
    #####:   30:  k[6] = k7;
    #####:   31:  k[7] = k8;
    #####:   32:  k[8] = k9;
    #####:   33:  k[9] = k10;
    #####:   34:  return k;
        -:   35:}
        -:   36:
        1:   37:int initializeGame(int numPlayers, int kingdomCards[10], int randomSeed,
        -:   38:		   struct gameState *state) {
        -:   39:
        -:   40:  int i;
        -:   41:  int j;
        -:   42:  int it;			
        -:   43:  //set up random number generator
        1:   44:  SelectStream(1);
        1:   45:  PutSeed((long)randomSeed);
        -:   46:  
        -:   47:  //check number of players
        1:   48:  if (numPlayers > MAX_PLAYERS || numPlayers < 2)
        -:   49:    {
    #####:   50:      return -1;
        -:   51:    }
        -:   52:
        -:   53:  //set number of players
        1:   54:  state->numPlayers = numPlayers;
        -:   55:
        -:   56:  //check selected kingdom cards are different
       11:   57:  for (i = 0; i < 10; i++)
        -:   58:    {
      110:   59:      for (j = 0; j < 10; j++)
        -:   60:        {
      100:   61:	  if (j != i && kingdomCards[j] == kingdomCards[i])
        -:   62:	    {
    #####:   63:	      return -1;
        -:   64:	    }
        -:   65:        }
        -:   66:    }
        -:   67:
        -:   68:
        -:   69:  //initialize supply
        -:   70:  ///////////////////////////////
        -:   71:
        -:   72:  //set number of Curse cards
        1:   73:  if (numPlayers == 2)
        -:   74:    {
        1:   75:      state->supplyCount[curse] = 10;
        -:   76:    }
    #####:   77:  else if (numPlayers == 3)
        -:   78:    {
    #####:   79:      state->supplyCount[curse] = 20;
        -:   80:    }
        -:   81:  else
        -:   82:    {
    #####:   83:      state->supplyCount[curse] = 30;
        -:   84:    }
        -:   85:
        -:   86:  //set number of Victory cards
        1:   87:  if (numPlayers == 2)
        -:   88:    {
        1:   89:      state->supplyCount[estate] = 8;
        1:   90:      state->supplyCount[duchy] = 8;
        1:   91:      state->supplyCount[province] = 8;
        -:   92:    }
        -:   93:  else
        -:   94:    {
    #####:   95:      state->supplyCount[estate] = 12;
    #####:   96:      state->supplyCount[duchy] = 12;
    #####:   97:      state->supplyCount[province] = 12;
        -:   98:    }
        -:   99:
        -:  100:  //set number of Treasure cards
        1:  101:  state->supplyCount[copper] = 60 - (7 * numPlayers);
        1:  102:  state->supplyCount[silver] = 40;
        1:  103:  state->supplyCount[gold] = 30;
        -:  104:
        -:  105:  //set number of Kingdom cards
       21:  106:  for (i = adventurer; i <= treasure_map; i++)       	//loop all cards
        -:  107:    {
      165:  108:      for (j = 0; j < 10; j++)           		//loop chosen cards
        -:  109:	{
      155:  110:	  if (kingdomCards[j] == i)
        -:  111:	    {
        -:  112:	      //check if card is a 'Victory' Kingdom card
       10:  113:	      if (kingdomCards[j] == great_hall || kingdomCards[j] == gardens)
        -:  114:		{
        4:  115:		  if (numPlayers == 2){ 
        2:  116:		    state->supplyCount[i] = 8; 
        -:  117:		  }
    #####:  118:		  else{ state->supplyCount[i] = 12; }
        -:  119:		}
        -:  120:	      else
        -:  121:		{
        8:  122:		  state->supplyCount[i] = 10;
        -:  123:		}
       10:  124:	      break;
        -:  125:	    }
        -:  126:	  else    //card is not in the set choosen for the game
        -:  127:	    {
      145:  128:	      state->supplyCount[i] = -1;
        -:  129:	    }
        -:  130:	}
        -:  131:
        -:  132:    }
        -:  133:
        -:  134:  ////////////////////////
        -:  135:  //supply intilization complete
        -:  136:
        -:  137:  //set player decks
        3:  138:  for (i = 0; i < numPlayers; i++)
        -:  139:    {
        2:  140:      state->deckCount[i] = 0;
        8:  141:      for (j = 0; j < 3; j++)
        -:  142:	{
        6:  143:	  state->deck[i][j] = estate;
        6:  144:	  state->deckCount[i]++;
        -:  145:	}
       16:  146:      for (j = 3; j < 10; j++)
        -:  147:	{
       14:  148:	  state->deck[i][j] = copper;
       14:  149:	  state->deckCount[i]++;		
        -:  150:	}
        -:  151:    }
        -:  152:
        -:  153:  //shuffle player decks
        3:  154:  for (i = 0; i < numPlayers; i++)
        -:  155:    {
        2:  156:      if ( shuffle(i, state) < 0 )
        -:  157:	{
    #####:  158:	  return -1;
        -:  159:	}
        -:  160:    }
        -:  161:
        -:  162:  //draw player hands
        3:  163:  for (i = 0; i < numPlayers; i++)
        -:  164:    {  
        -:  165:      //initialize hand size to zero
        2:  166:      state->handCount[i] = 0;
        2:  167:      state->discardCount[i] = 0;
        -:  168:      //draw 5 cards
        -:  169:      // for (j = 0; j < 5; j++)
        -:  170:      //	{
        -:  171:      //	  drawCard(i, state);
        -:  172:      //	}
        -:  173:    }
        -:  174:  
        -:  175:  //set embargo tokens to 0 for all supply piles
       28:  176:  for (i = 0; i <= treasure_map; i++)
        -:  177:    {
       27:  178:      state->embargoTokens[i] = 0;
        -:  179:    }
        -:  180:
        -:  181:  //initialize first player's turn
        1:  182:  state->outpostPlayed = 0;
        1:  183:  state->phase = 0;
        1:  184:  state->numActions = 1;
        1:  185:  state->numBuys = 1;
        1:  186:  state->playedCardCount = 0;
        1:  187:  state->whoseTurn = 0;
        1:  188:  state->handCount[state->whoseTurn] = 0;
        -:  189:  //int it; move to top
        -:  190:
        -:  191:  //Moved draw cards to here, only drawing at the start of a turn
        6:  192:  for (it = 0; it < 5; it++){
        5:  193:    drawCard(state->whoseTurn, state);
        -:  194:  }
        -:  195:
        1:  196:  updateCoins(state->whoseTurn, state, 0);
        -:  197:
        1:  198:  return 0;
        -:  199:}
        -:  200:
        2:  201:int shuffle(int player, struct gameState *state) {
        -:  202: 
        -:  203:
        -:  204:  int newDeck[MAX_DECK];
        2:  205:  int newDeckPos = 0;
        -:  206:  int card;
        -:  207:  int i;
        -:  208:
        2:  209:  if (state->deckCount[player] < 1)
    #####:  210:    return -1;
        2:  211:  qsort ((void*)(state->deck[player]), state->deckCount[player], sizeof(int), compare); 
        -:  212:  /* SORT CARDS IN DECK TO ENSURE DETERMINISM! */
        -:  213:
       24:  214:  while (state->deckCount[player] > 0) {
       20:  215:    card = floor(Random() * state->deckCount[player]);
       20:  216:    newDeck[newDeckPos] = state->deck[player][card];
       20:  217:    newDeckPos++;
       70:  218:    for (i = card; i < state->deckCount[player]-1; i++) {
       50:  219:      state->deck[player][i] = state->deck[player][i+1];
        -:  220:    }
       20:  221:    state->deckCount[player]--;
        -:  222:  }
       22:  223:  for (i = 0; i < newDeckPos; i++) {
       20:  224:    state->deck[player][i] = newDeck[i];
       20:  225:    state->deckCount[player]++;
        -:  226:  }
        -:  227:
        2:  228:  return 0;
        -:  229:}
        -:  230:
    #####:  231:int playCard(int handPos, int choice1, int choice2, int choice3, struct gameState *state) 
        -:  232:{	
        -:  233:  int card;
    #####:  234:  int coin_bonus = 0; 		//tracks coins gain from actions
        -:  235:
        -:  236:  //check if it is the right phase
    #####:  237:  if (state->phase != 0)
        -:  238:    {
    #####:  239:      return -1;
        -:  240:    }
        -:  241:	
        -:  242:  //check if player has enough actions
    #####:  243:  if ( state->numActions < 1 )
        -:  244:    {
    #####:  245:      return -1;
        -:  246:    }
        -:  247:	
        -:  248:  //get card played
    #####:  249:  card = handCard(handPos, state);
        -:  250:	
        -:  251:  //check if selected card is an action
    #####:  252:  if ( card < adventurer || card > treasure_map )
        -:  253:    {
    #####:  254:      return -1;
        -:  255:    }
        -:  256:	
        -:  257:  //play card
    #####:  258:  if ( cardEffect(card, choice1, choice2, choice3, state, handPos, &coin_bonus) < 0 )
        -:  259:    {
    #####:  260:      return -1;
        -:  261:    }
        -:  262:	
        -:  263:  //reduce number of actions
    #####:  264:  state->numActions--;
        -:  265:
        -:  266:  //update coins (Treasure cards may be added with card draws)
    #####:  267:  updateCoins(state->whoseTurn, state, coin_bonus);
        -:  268:	
    #####:  269:  return 0;
        -:  270:}
        -:  271:
    #####:  272:int buyCard(int supplyPos, struct gameState *state) {
        -:  273:  int who;
        -:  274:  if (DEBUG){
        -:  275:    printf("Entering buyCard...\n");
        -:  276:  }
        -:  277:
        -:  278:  // I don't know what to do about the phase thing.
        -:  279:
    #####:  280:  who = state->whoseTurn;
        -:  281:
    #####:  282:  if (state->numBuys < 1){
        -:  283:    if (DEBUG)
        -:  284:      printf("You do not have any buys left\n");
    #####:  285:    return -1;
    #####:  286:  } else if (supplyCount(supplyPos, state) <1){
        -:  287:    if (DEBUG)
        -:  288:      printf("There are not any of that type of card left\n");
    #####:  289:    return -1;
    #####:  290:  } else if (state->coins < getCost(supplyPos)){
        -:  291:    if (DEBUG) 
        -:  292:      printf("You do not have enough money to buy that. You have %d coins.\n", state->coins);
    #####:  293:    return -1;
        -:  294:  } else {
    #####:  295:    state->phase=1;
        -:  296:    //state->supplyCount[supplyPos]--;
    #####:  297:    gainCard(supplyPos, state, 0, who); //card goes in discard, this might be wrong.. (2 means goes into hand, 0 goes into discard)
        -:  298:  
    #####:  299:    state->coins = (state->coins) - (getCost(supplyPos));
    #####:  300:    state->numBuys--;
        -:  301:    if (DEBUG)
        -:  302:      printf("You bought card number %d for %d coins. You now have %d buys and %d coins.\n", supplyPos, getCost(supplyPos), state->numBuys, state->coins);
        -:  303:  }
        -:  304:
        -:  305:  //state->discard[who][state->discardCount[who]] = supplyPos;
        -:  306:  //state->discardCount[who]++;
        -:  307:    
    #####:  308:  return 0;
        -:  309:}
        -:  310:
    #####:  311:int numHandCards(struct gameState *state) {
    #####:  312:  return state->handCount[ whoseTurn(state) ];
        -:  313:}
        -:  314:
    #####:  315:int handCard(int handPos, struct gameState *state) {
    #####:  316:  int currentPlayer = whoseTurn(state);
    #####:  317:  return state->hand[currentPlayer][handPos];
        -:  318:}
        -:  319:
    #####:  320:int supplyCount(int card, struct gameState *state) {
    #####:  321:  return state->supplyCount[card];
        -:  322:}
        -:  323:
    #####:  324:int fullDeckCount(int player, int card, struct gameState *state) {
        -:  325:  int i;
    #####:  326:  int count = 0;
        -:  327:
    #####:  328:  for (i = 0; i < state->deckCount[player]; i++)
        -:  329:    {
    #####:  330:      if (state->deck[player][i] == card) count++;
        -:  331:    }
        -:  332:
    #####:  333:  for (i = 0; i < state->handCount[player]; i++)
        -:  334:    {
    #####:  335:      if (state->hand[player][i] == card) count++;
        -:  336:    }
        -:  337:
    #####:  338:  for (i = 0; i < state->discardCount[player]; i++)
        -:  339:    {
    #####:  340:      if (state->discard[player][i] == card) count++;
        -:  341:    }
        -:  342:
    #####:  343:  return count;
        -:  344:}
        -:  345:
        1:  346:int whoseTurn(struct gameState *state) {
        1:  347:  return state->whoseTurn;
        -:  348:}
        -:  349:
    #####:  350:int endTurn(struct gameState *state) {
        -:  351:  int k;
        -:  352:  int i;
    #####:  353:  int currentPlayer = whoseTurn(state);
        -:  354:  
        -:  355:  //Discard hand
    #####:  356:  for (i = 0; i < state->handCount[currentPlayer]; i++){
    #####:  357:    state->discard[currentPlayer][state->discardCount[currentPlayer]++] = state->hand[currentPlayer][i];//Discard
    #####:  358:    state->hand[currentPlayer][i] = -1;//Set card to -1
        -:  359:  }
    #####:  360:  state->handCount[currentPlayer] = 0;//Reset hand count
        -:  361:    
        -:  362:  //Code for determining the player
    #####:  363:  if (currentPlayer < (state->numPlayers - 1)){ 
    #####:  364:    state->whoseTurn = currentPlayer + 1;//Still safe to increment
        -:  365:  }
        -:  366:  else{
    #####:  367:    state->whoseTurn = 0;//Max player has been reached, loop back around to player 1
        -:  368:  }
        -:  369:
    #####:  370:  state->outpostPlayed = 0;
    #####:  371:  state->phase = 0;
    #####:  372:  state->numActions = 1;
    #####:  373:  state->coins = 0;
    #####:  374:  state->numBuys = 1;
    #####:  375:  state->playedCardCount = 0;
    #####:  376:  state->handCount[state->whoseTurn] = 0;
        -:  377:
        -:  378:  //int k; move to top
        -:  379:  //Next player draws hand
    #####:  380:  for (k = 0; k < 5; k++){
    #####:  381:    drawCard(state->whoseTurn, state);//Draw a card
        -:  382:  }
        -:  383:
        -:  384:  //Update money
    #####:  385:  updateCoins(state->whoseTurn, state , 0);
        -:  386:
    #####:  387:  return 0;
        -:  388:}
        -:  389:
    #####:  390:int isGameOver(struct gameState *state) {
        -:  391:  int i;
        -:  392:  int j;
        -:  393:	
        -:  394:  //if stack of Province cards is empty, the game ends
    #####:  395:  if (state->supplyCount[province] == 0)
        -:  396:    {
    #####:  397:      return 1;
        -:  398:    }
        -:  399:
        -:  400:  //if three supply pile are at 0, the game ends
    #####:  401:  j = 0;
    #####:  402:  for (i = 0; i < 25; i++)
        -:  403:    {
    #####:  404:      if (state->supplyCount[i] == 0)
        -:  405:	{
    #####:  406:	  j++;
        -:  407:	}
        -:  408:    }
    #####:  409:  if ( j >= 3)
        -:  410:    {
    #####:  411:      return 1;
        -:  412:    }
        -:  413:
    #####:  414:  return 0;
        -:  415:}
        -:  416:
    #####:  417:int scoreFor (int player, struct gameState *state) {
        -:  418:
        -:  419:  int i;
    #####:  420:  int score = 0;
        -:  421:  //score from hand
    #####:  422:  for (i = 0; i < state->handCount[player]; i++)
        -:  423:    {
    #####:  424:      if (state->hand[player][i] == curse) { score = score - 1; };
    #####:  425:      if (state->hand[player][i] == estate) { score = score + 1; };
    #####:  426:      if (state->hand[player][i] == duchy) { score = score + 3; };
    #####:  427:      if (state->hand[player][i] == province) { score = score + 6; };
    #####:  428:      if (state->hand[player][i] == great_hall) { score = score + 1; };
    #####:  429:      if (state->hand[player][i] == gardens) { score = score + ( fullDeckCount(player, 0, state) / 10 ); };
        -:  430:    }
        -:  431:
        -:  432:  //score from discard
    #####:  433:  for (i = 0; i < state->discardCount[player]; i++)
        -:  434:    {
    #####:  435:      if (state->discard[player][i] == curse) { score = score - 1; };
    #####:  436:      if (state->discard[player][i] == estate) { score = score + 1; };
    #####:  437:      if (state->discard[player][i] == duchy) { score = score + 3; };
    #####:  438:      if (state->discard[player][i] == province) { score = score + 6; };
    #####:  439:      if (state->discard[player][i] == great_hall) { score = score + 1; };
    #####:  440:      if (state->discard[player][i] == gardens) { score = score + ( fullDeckCount(player, 0, state) / 10 ); };
        -:  441:    }
        -:  442:
        -:  443:  //score from deck
    #####:  444:  for (i = 0; i < state->discardCount[player]; i++)
        -:  445:    {
    #####:  446:      if (state->deck[player][i] == curse) { score = score - 1; };
    #####:  447:      if (state->deck[player][i] == estate) { score = score + 1; };
    #####:  448:      if (state->deck[player][i] == duchy) { score = score + 3; };
    #####:  449:      if (state->deck[player][i] == province) { score = score + 6; };
    #####:  450:      if (state->deck[player][i] == great_hall) { score = score + 1; };
    #####:  451:      if (state->deck[player][i] == gardens) { score = score + ( fullDeckCount(player, 0, state) / 10 ); };
        -:  452:    }
        -:  453:
    #####:  454:  return score;
        -:  455:}
        -:  456:
    #####:  457:int getWinners(int players[MAX_PLAYERS], struct gameState *state) {
        -:  458:  int i;	
        -:  459:  int j;
        -:  460:  int highScore;
        -:  461:  int currentPlayer;
        -:  462:
        -:  463:  //get score for each player
    #####:  464:  for (i = 0; i < MAX_PLAYERS; i++)
        -:  465:    {
        -:  466:      //set unused player scores to -9999
    #####:  467:      if (i >= state->numPlayers)
        -:  468:	{
    #####:  469:	  players[i] = -9999;
        -:  470:	}
        -:  471:      else
        -:  472:	{
    #####:  473:	  players[i] = scoreFor (i, state);
        -:  474:	}
        -:  475:    }
        -:  476:
        -:  477:  //find highest score
    #####:  478:  j = 0;
    #####:  479:  for (i = 0; i < MAX_PLAYERS; i++)
        -:  480:    {
    #####:  481:      if (players[i] > players[j])
        -:  482:	{
    #####:  483:	  j = i;
        -:  484:	}
        -:  485:    }
    #####:  486:  highScore = players[j];
        -:  487:
        -:  488:  //add 1 to players who had less turns
    #####:  489:  currentPlayer = whoseTurn(state);
    #####:  490:  for (i = 0; i < MAX_PLAYERS; i++)
        -:  491:    {
    #####:  492:      if ( players[i] == highScore && i > currentPlayer )
        -:  493:	{
    #####:  494:	  players[i]++;
        -:  495:	}
        -:  496:    }
        -:  497:
        -:  498:  //find new highest score
    #####:  499:  j = 0;
    #####:  500:  for (i = 0; i < MAX_PLAYERS; i++)
        -:  501:    {
    #####:  502:      if ( players[i] > players[j] )
        -:  503:	{
    #####:  504:	  j = i;
        -:  505:	}
        -:  506:    }
    #####:  507:  highScore = players[j];
        -:  508:
        -:  509:  //set winners in array to 1 and rest to 0
    #####:  510:  for (i = 0; i < MAX_PLAYERS; i++)
        -:  511:    {
    #####:  512:      if ( players[i] == highScore )
        -:  513:	{
    #####:  514:	  players[i] = 1;
        -:  515:	}
        -:  516:      else
        -:  517:	{
    #####:  518:	  players[i] = 0;
        -:  519:	}
        -:  520:    }
        -:  521:
    #####:  522:  return 0;
        -:  523:}
        -:  524:
        5:  525:int drawCard(int player, struct gameState *state)
        -:  526:{	int count;
        -:  527:  int deckCounter;
        5:  528:  if (state->deckCount[player] <= 0){//Deck is empty
        -:  529:    
        -:  530:    //Step 1 Shuffle the discard pile back into a deck
        -:  531:    int i;
        -:  532:    //Move discard to deck
    #####:  533:    for (i = 0; i < state->discardCount[player];i++){
    #####:  534:      state->deck[player][i] = state->discard[player][i];
    #####:  535:      state->discard[player][i] = -1;
        -:  536:    }
        -:  537:
    #####:  538:    state->deckCount[player] = state->discardCount[player];
    #####:  539:    state->discardCount[player] = 0;//Reset discard
        -:  540:
        -:  541:    //Shufffle the deck
    #####:  542:    shuffle(player, state);//Shuffle the deck up and make it so that we can draw
        -:  543:   
        -:  544:    if (DEBUG){//Debug statements
        -:  545:      printf("Deck count now: %d\n", state->deckCount[player]);
        -:  546:    }
        -:  547:    
    #####:  548:    state->discardCount[player] = 0;
        -:  549:
        -:  550:    //Step 2 Draw Card
    #####:  551:    count = state->handCount[player];//Get current player's hand count
        -:  552:    
        -:  553:    if (DEBUG){//Debug statements
        -:  554:      printf("Current hand count: %d\n", count);
        -:  555:    }
        -:  556:    
    #####:  557:    deckCounter = state->deckCount[player];//Create a holder for the deck count
        -:  558:
    #####:  559:    if (deckCounter == 0)
    #####:  560:      return -1;
        -:  561:
    #####:  562:    state->hand[player][count] = state->deck[player][deckCounter - 1];//Add card to hand
    #####:  563:    state->deckCount[player]--;
    #####:  564:    state->handCount[player]++;//Increment hand count
        -:  565:  }
        -:  566:
        -:  567:  else{
        5:  568:    int count = state->handCount[player];//Get current hand count for player
        -:  569:    int deckCounter;
        -:  570:    if (DEBUG){//Debug statements
        -:  571:      printf("Current hand count: %d\n", count);
        -:  572:    }
        -:  573:
        5:  574:    deckCounter = state->deckCount[player];//Create holder for the deck count
        5:  575:    state->hand[player][count] = state->deck[player][deckCounter - 1];//Add card to the hand
        5:  576:    state->deckCount[player]--;
        5:  577:    state->handCount[player]++;//Increment hand count
        -:  578:  }
        -:  579:
        5:  580:  return 0;
        -:  581:}
        -:  582:
    #####:  583:int playAdventurer(int *drawntreasure, struct gameState *state, int currentPlayer, int *cardDrawn, int *temphand, int *z){
    #####:  584:      while(*drawntreasure<2){
    #####:  585:  if (state->deckCount[currentPlayer] <1){//if the deck is empty we need to shuffle discard and add to deck
    #####:  586:    shuffle(currentPlayer, state);
        -:  587:  }
    #####:  588:  drawCard(currentPlayer, state);
    #####:  589:  *cardDrawn = state->hand[currentPlayer][state->handCount[currentPlayer]-1];//top card of hand is most recently drawn card.
    #####:  590:  if (*cardDrawn == copper || *cardDrawn == silver || *cardDrawn == gold)
    #####:  591:    *drawntreasure++;
        -:  592:  else{
    #####:  593:    temphand[*z]=*cardDrawn;
    #####:  594:    state->handCount[currentPlayer]--; //this should just remove the top card (the most recently drawn one).
    #####:  595:    z++;
        -:  596:  }
        -:  597:      }
    #####:  598:      while(*z-1>=0){
    #####:  599:  state->discard[currentPlayer][state->discardCount[currentPlayer]++]=temphand[*z-1]; // discard all cards in play that have been drawn
    #####:  600:  *z=*z-1;
        -:  601:      }
    #####:  602:      return 0;
        -:  603:  }
        -:  604:
    #####:  605:int playSmithy(int currentPlayer, struct gameState *state, int handPos)
        -:  606:{
        -:  607: //+3 Cards
        -:  608:  int i;
    #####:  609:      for (i = 0; i < 3; i++)
        -:  610:  {
    #####:  611:    drawCard(currentPlayer, state);
        -:  612:  }
        -:  613:      
        -:  614:      //discard card from hand
        -:  615:      //discardCard(handPos, currentPlayer, state, 0);
    #####:  616:      return 0;
        -:  617:}
        -:  618:
    #####:  619:int playSteward(int currentPlayer, struct gameState *state, int choice1, int choice2, int choice3, int handPos)
        -:  620:{
    #####:  621:      if (choice1 == 1)
        -:  622:  {
        -:  623:    //+2 cards
    #####:  624:    drawCard(currentPlayer, state);
    #####:  625:    drawCard(currentPlayer, state);
        -:  626:  }
    #####:  627:      else if (choice1 == 2)
        -:  628:  {
        -:  629:    //+2 coins
    #####:  630:    state->coins = state->coins;
        -:  631:  }
        -:  632:      else
        -:  633:  {
        -:  634:    //trash 2 cards in hand
    #####:  635:    discardCard(choice2, currentPlayer, state, 1);
    #####:  636:    discardCard(choice3, currentPlayer, state, 1);
        -:  637:  }
        -:  638:      
        -:  639:      //discard card from hand
    #####:  640:      discardCard(handPos, currentPlayer, state, 0);
    #####:  641:      return 0;
        -:  642:}
        -:  643:
    #####:  644:int playVillage(int currentPlayer, struct gameState *state, int handPos)
        -:  645:{
        -:  646:      //+1 Card
    #####:  647:      drawCard(currentPlayer+1, state);
        -:  648:      
        -:  649:      //+2 Actions
    #####:  650:      state->numActions = state->numActions + 2;
        -:  651:      
        -:  652:      //discard played card from hand
    #####:  653:      discardCard(handPos, currentPlayer, state, 0);
    #####:  654:      return 0;
        -:  655:}
        -:  656:
    #####:  657:int playGreat_hall(int currentPlayer, struct gameState *state, int handPos)
        -:  658:{
        -:  659:      //+1 Card
    #####:  660:      drawCard(currentPlayer, state);
        -:  661:      
        -:  662:      //+1 Actions
    #####:  663:      state->numActions++;
        -:  664:      
        -:  665:      //discard card from hand
    #####:  666:      discardCard(handPos, currentPlayer, state, 0);
    #####:  667:      return 1;
        -:  668:}
        -:  669:
    #####:  670:int getCost(int cardNumber)
        -:  671:{
    #####:  672:  switch( cardNumber ) 
        -:  673:    {
    #####:  674:    case curse:
    #####:  675:      return 0;
    #####:  676:    case estate:
    #####:  677:      return 2;
    #####:  678:    case duchy:
    #####:  679:      return 5;
    #####:  680:    case province:
    #####:  681:      return 8;
    #####:  682:    case copper:
    #####:  683:      return 0;
    #####:  684:    case silver:
    #####:  685:      return 3;
    #####:  686:    case gold:
    #####:  687:      return 6;
    #####:  688:    case adventurer:
    #####:  689:      return 6;
    #####:  690:    case council_room:
    #####:  691:      return 5;
    #####:  692:    case feast:
    #####:  693:      return 4;
    #####:  694:    case gardens:
    #####:  695:      return 4;
    #####:  696:    case mine:
    #####:  697:      return 5;
    #####:  698:    case remodel:
    #####:  699:      return 4;
    #####:  700:    case smithy:
    #####:  701:      return 4;
    #####:  702:    case village:
    #####:  703:      return 3;
    #####:  704:    case baron:
    #####:  705:      return 4;
    #####:  706:    case great_hall:
    #####:  707:      return 3;
    #####:  708:    case minion:
    #####:  709:      return 5;
    #####:  710:    case steward:
    #####:  711:      return 3;
    #####:  712:    case tribute:
    #####:  713:      return 5;
    #####:  714:    case ambassador:
    #####:  715:      return 3;
    #####:  716:    case cutpurse:
    #####:  717:      return 4;
    #####:  718:    case embargo: 
    #####:  719:      return 2;
    #####:  720:    case outpost:
    #####:  721:      return 5;
    #####:  722:    case salvager:
    #####:  723:      return 4;
    #####:  724:    case sea_hag:
    #####:  725:      return 4;
    #####:  726:    case treasure_map:
    #####:  727:      return 4;
        -:  728:    }
        -:  729:	
    #####:  730:  return -1;
        -:  731:}
        -:  732:
        1:  733:int cardEffect(int card, int choice1, int choice2, int choice3, struct gameState *state, int handPos, int *bonus)
        -:  734:{
        -:  735:  int i;
        -:  736:  int j;
        -:  737:  int k;
        -:  738:  int x;
        -:  739:  int index;
        1:  740:  int currentPlayer = whoseTurn(state);
        1:  741:  int nextPlayer = currentPlayer + 1;
        -:  742:
        1:  743:  int tributeRevealedCards[2] = {-1, -1};
        -:  744:  int temphand[MAX_HAND];// moved above the if statement
        1:  745:  int drawntreasure=0;
        -:  746:  int cardDrawn;
        1:  747:  int z = 0;// this is the counter for the temp hand
        1:  748:  if (nextPlayer > (state->numPlayers - 1)){
    #####:  749:    nextPlayer = 0;
        -:  750:  }
        -:  751:  
        -:  752:	
        -:  753:  //uses switch to select card and perform actions
        1:  754:  switch( card ) 
        -:  755:    {
    #####:  756:    case adventurer:
    #####:  757:      return playAdventurer(&drawntreasure, state, currentPlayer, &cardDrawn, temphand, &z);
        -:  758:    	
    #####:  759:    case council_room:
        -:  760:      //+4 Cards
    #####:  761:      for (i = 0; i < 4; i++)
        -:  762:	{
    #####:  763:	  drawCard(currentPlayer, state);
        -:  764:	}
        -:  765:			
        -:  766:      //+1 Buy
    #####:  767:      state->numBuys++;
        -:  768:			
        -:  769:      //Each other player draws a card
    #####:  770:      for (i = 0; i < state->numPlayers; i++)
        -:  771:	{
    #####:  772:	  if ( i != currentPlayer )
        -:  773:	    {
    #####:  774:	      drawCard(i, state);
        -:  775:	    }
        -:  776:	}
        -:  777:			
        -:  778:      //put played card in played card pile
    #####:  779:      discardCard(handPos, currentPlayer, state, 0);
        -:  780:			
    #####:  781:      return 0;
        -:  782:			
    #####:  783:    case feast:
        -:  784:      //gain card with cost up to 5
        -:  785:      //Backup hand
    #####:  786:      for (i = 0; i <= state->handCount[currentPlayer]; i++){
    #####:  787:	temphand[i] = state->hand[currentPlayer][i];//Backup card
    #####:  788:	state->hand[currentPlayer][i] = -1;//Set to nothing
        -:  789:      }
        -:  790:      //Backup hand
        -:  791:
        -:  792:      //Update Coins for Buy
    #####:  793:      updateCoins(currentPlayer, state, 5);
    #####:  794:      x = 1;//Condition to loop on
    #####:  795:      while( x == 1) {//Buy one card
    #####:  796:	if (supplyCount(choice1, state) <= 0){
        -:  797:	  if (DEBUG)
        -:  798:	    printf("None of that card left, sorry!\n");
        -:  799:
        -:  800:	  if (DEBUG){
        -:  801:	    printf("Cards Left: %d\n", supplyCount(choice1, state));
        -:  802:	  }
        -:  803:	}
    #####:  804:	else if (state->coins < getCost(choice1)){
    #####:  805:	  printf("That card is too expensive!\n");
        -:  806:
        -:  807:	  if (DEBUG){
        -:  808:	    printf("Coins: %d < %d\n", state->coins, getCost(choice1));
        -:  809:	  }
        -:  810:	}
        -:  811:	else{
        -:  812:
        -:  813:	  if (DEBUG){
        -:  814:	    printf("Deck Count: %d\n", state->handCount[currentPlayer] + state->deckCount[currentPlayer] + state->discardCount[currentPlayer]);
        -:  815:	  }
        -:  816:
    #####:  817:	  gainCard(choice1, state, 0, currentPlayer);//Gain the card
    #####:  818:	  x = 0;//No more buying cards
        -:  819:
        -:  820:	  if (DEBUG){
        -:  821:	    printf("Deck Count: %d\n", state->handCount[currentPlayer] + state->deckCount[currentPlayer] + state->discardCount[currentPlayer]);
        -:  822:	  }
        -:  823:
        -:  824:	}
        -:  825:      }     
        -:  826:
        -:  827:      //Reset Hand
    #####:  828:      for (i = 0; i <= state->handCount[currentPlayer]; i++){
    #####:  829:	state->hand[currentPlayer][i] = temphand[i];
    #####:  830:	temphand[i] = -1;
        -:  831:      }
        -:  832:      //Reset Hand
        -:  833:      			
    #####:  834:      return 0;
        -:  835:			
    #####:  836:    case gardens:
    #####:  837:      return -1;
        -:  838:			
    #####:  839:    case mine:
    #####:  840:      j = state->hand[currentPlayer][choice1];  //store card we will trash
        -:  841:
    #####:  842:      if (state->hand[currentPlayer][choice1] < copper || state->hand[currentPlayer][choice1] > gold)
        -:  843:	{
    #####:  844:	  return -1;
        -:  845:	}
        -:  846:		
    #####:  847:      if (choice2 > treasure_map || choice2 < curse)
        -:  848:	{
    #####:  849:	  return -1;
        -:  850:	}
        -:  851:
    #####:  852:      if ( (getCost(state->hand[currentPlayer][choice1]) + 3) > getCost(choice2) )
        -:  853:	{
    #####:  854:	  return -1;
        -:  855:	}
        -:  856:
    #####:  857:      gainCard(choice2, state, 2, currentPlayer);
        -:  858:
        -:  859:      //discard card from hand
    #####:  860:      discardCard(handPos, currentPlayer, state, 0);
        -:  861:
        -:  862:      //discard trashed card
    #####:  863:      for (i = 0; i < state->handCount[currentPlayer]; i++)
        -:  864:	{
    #####:  865:	  if (state->hand[currentPlayer][i] == j)
        -:  866:	    {
    #####:  867:	      discardCard(i, currentPlayer, state, 0);			
    #####:  868:	      break;
        -:  869:	    }
        -:  870:	}
        -:  871:			
    #####:  872:      return 0;
        -:  873:			
    #####:  874:    case remodel:
    #####:  875:      j = state->hand[currentPlayer][choice1];  //store card we will trash
        -:  876:
    #####:  877:      if ( (getCost(state->hand[currentPlayer][choice1]) + 2) > getCost(choice2) )
        -:  878:	{
    #####:  879:	  return -1;
        -:  880:	}
        -:  881:
    #####:  882:      gainCard(choice2, state, 0, currentPlayer);
        -:  883:
        -:  884:      //discard card from hand
    #####:  885:      discardCard(handPos, currentPlayer, state, 0);
        -:  886:
        -:  887:      //discard trashed card
    #####:  888:      for (i = 0; i < state->handCount[currentPlayer]; i++)
        -:  889:	{
    #####:  890:	  if (state->hand[currentPlayer][i] == j)
        -:  891:	    {
    #####:  892:	      discardCard(i, currentPlayer, state, 0);			
    #####:  893:	      break;
        -:  894:	    }
        -:  895:	}
        -:  896:
    #####:  897:      return 0;
        -:  898:		
    #####:  899:    case smithy:
        -:  900:      //+3 Cards
    #####:  901:      return playSmithy(currentPlayer, state, handPos);
        -:  902:		
    #####:  903:    case village:
    #####:  904:      return playVillage(currentPlayer, state, handPos);
        -:  905:		
    #####:  906:    case baron:
    #####:  907:      state->numBuys++;//Increase buys by 1!
    #####:  908:      if (choice1 > 0){//Boolean true or going to discard an estate
    #####:  909:	int p = 0;//Iterator for hand!
    #####:  910:	int card_not_discarded = 1;//Flag for discard set!
    #####:  911:	while(card_not_discarded){
    #####:  912:	  if (state->hand[currentPlayer][p] == estate){//Found an estate card!
    #####:  913:	    state->coins += 4;//Add 4 coins to the amount of coins
    #####:  914:	    state->discard[currentPlayer][state->discardCount[currentPlayer]] = state->hand[currentPlayer][p];
    #####:  915:	    state->discardCount[currentPlayer]++;
    #####:  916:	    for (;p < state->handCount[currentPlayer]; p++){
    #####:  917:	      state->hand[currentPlayer][p] = state->hand[currentPlayer][p+1];
        -:  918:	    }
    #####:  919:	    state->hand[currentPlayer][state->handCount[currentPlayer]] = -1;
    #####:  920:	    state->handCount[currentPlayer]--;
    #####:  921:	    card_not_discarded = 0;//Exit the loop
        -:  922:	  }
    #####:  923:	  else if (p > state->handCount[currentPlayer]){
        -:  924:	    if(DEBUG) {
        -:  925:	      printf("No estate cards in your hand, invalid choice\n");
        -:  926:	      printf("Must gain an estate if there are any\n");
        -:  927:	    }
    #####:  928:	    if (supplyCount(estate, state) > 0){
    #####:  929:	      gainCard(estate, state, 0, currentPlayer);
    #####:  930:	      state->supplyCount[estate]--;//Decrement estates
    #####:  931:	      if (supplyCount(estate, state) == 0){
    #####:  932:		isGameOver(state);
        -:  933:	      }
        -:  934:	    }
    #####:  935:	    card_not_discarded = 0;//Exit the loop
        -:  936:	  }
        -:  937:			    
        -:  938:	  else{
    #####:  939:	    p++;//Next card
        -:  940:	  }
        -:  941:	}
        -:  942:      }
        -:  943:			    
        -:  944:      else{
    #####:  945:	if (supplyCount(estate, state) > 0){
    #####:  946:	  gainCard(estate, state, 0, currentPlayer);//Gain an estate
    #####:  947:	  state->supplyCount[estate]--;//Decrement Estates
    #####:  948:	  if (supplyCount(estate, state) == 0){
    #####:  949:	    isGameOver(state);
        -:  950:	  }
        -:  951:	}
        -:  952:      }
        -:  953:	    
        -:  954:      
    #####:  955:      return 0;
        -:  956:		
    #####:  957:    case great_hall:
    #####:  958:      return playGreat_hall(currentPlayer, state, handPos);
        -:  959:		
    #####:  960:    case minion:
        -:  961:      //+1 action
    #####:  962:      state->numActions++;
        -:  963:			
        -:  964:      //discard card from hand
    #####:  965:      discardCard(handPos, currentPlayer, state, 0);
        -:  966:			
    #####:  967:      if (choice1)		//+2 coins
        -:  968:	{
    #####:  969:	  state->coins = state->coins + 2;
        -:  970:	}
        -:  971:			
    #####:  972:      else if (choice2)		//discard hand, redraw 4, other players with 5+ cards discard hand and draw 4
        -:  973:	{
        -:  974:	  //discard hand
    #####:  975:	  while(numHandCards(state) > 0)
        -:  976:	    {
    #####:  977:	      discardCard(handPos, currentPlayer, state, 0);
        -:  978:	    }
        -:  979:				
        -:  980:	  //draw 4
    #####:  981:	  for (i = 0; i < 4; i++)
        -:  982:	    {
    #####:  983:	      drawCard(currentPlayer, state);
        -:  984:	    }
        -:  985:				
        -:  986:	  //other players discard hand and redraw if hand size > 4
    #####:  987:	  for (i = 0; i < state->numPlayers; i++)
        -:  988:	    {
    #####:  989:	      if (i != currentPlayer)
        -:  990:		{
    #####:  991:		  if ( state->handCount[i] > 4 )
        -:  992:		    {
        -:  993:		      //discard hand
    #####:  994:		      while( state->handCount[i] > 0 )
        -:  995:			{
    #####:  996:			  discardCard(handPos, i, state, 0);
        -:  997:			}
        -:  998:							
        -:  999:		      //draw 4
    #####: 1000:		      for (j = 0; j < 4; j++)
        -: 1001:			{
    #####: 1002:			  drawCard(i, state);
        -: 1003:			}
        -: 1004:		    }
        -: 1005:		}
        -: 1006:	    }
        -: 1007:				
        -: 1008:	}
    #####: 1009:      return 0;
        -: 1010:		
    #####: 1011:    case steward:
    #####: 1012:      return playSteward(currentPlayer, state, choice1, choice1, choice3, handPos);
        -: 1013:		
    #####: 1014:    case tribute:
    #####: 1015:      if ((state->discardCount[nextPlayer] + state->deckCount[nextPlayer]) <= 1){
    #####: 1016:	if (state->deckCount[nextPlayer] > 0){
    #####: 1017:	  tributeRevealedCards[0] = state->deck[nextPlayer][state->deckCount[nextPlayer]-1];
    #####: 1018:	  state->deckCount[nextPlayer]--;
        -: 1019:	}
    #####: 1020:	else if (state->discardCount[nextPlayer] > 0){
    #####: 1021:	  tributeRevealedCards[0] = state->discard[nextPlayer][state->discardCount[nextPlayer]-1];
    #####: 1022:	  state->discardCount[nextPlayer]--;
        -: 1023:	}
        -: 1024:	else{
        -: 1025:	  //No Card to Reveal
        -: 1026:	  if (DEBUG){
        -: 1027:	    printf("No cards to reveal\n");
        -: 1028:	  }
        -: 1029:	}
        -: 1030:      }
        -: 1031:	    
        -: 1032:      else{
    #####: 1033:	if (state->deckCount[nextPlayer] == 0){
    #####: 1034:	  for (i = 0; i < state->discardCount[nextPlayer]; i++){
    #####: 1035:	    state->deck[nextPlayer][i] = state->discard[nextPlayer][i];//Move to deck
    #####: 1036:	    state->deckCount[nextPlayer]++;
    #####: 1037:	    state->discard[nextPlayer][i] = -1;
    #####: 1038:	    state->discardCount[nextPlayer]--;
        -: 1039:	  }
        -: 1040:			    
    #####: 1041:	  shuffle(nextPlayer,state);//Shuffle the deck
        -: 1042:	} 
    #####: 1043:	tributeRevealedCards[0] = state->deck[nextPlayer][state->deckCount[nextPlayer]-1];
    #####: 1044:	state->deck[nextPlayer][state->deckCount[nextPlayer]--] = -1;
    #####: 1045:	state->deckCount[nextPlayer]--;
    #####: 1046:	tributeRevealedCards[1] = state->deck[nextPlayer][state->deckCount[nextPlayer]-1];
    #####: 1047:	state->deck[nextPlayer][state->deckCount[nextPlayer]--] = -1;
    #####: 1048:	state->deckCount[nextPlayer]--;
        -: 1049:      }    
        -: 1050:		       
    #####: 1051:      if (tributeRevealedCards[0] == tributeRevealedCards[1]){//If we have a duplicate card, just drop one 
    #####: 1052:	state->playedCards[state->playedCardCount] = tributeRevealedCards[1];
    #####: 1053:	state->playedCardCount++;
    #####: 1054:	tributeRevealedCards[1] = -1;
        -: 1055:      }
        -: 1056:
    #####: 1057:      for (i = 0; i <= 2; i ++){
    #####: 1058:	if (tributeRevealedCards[i] == copper || tributeRevealedCards[i] == silver || tributeRevealedCards[i] == gold){//Treasure cards
    #####: 1059:	  state->coins += 2;
        -: 1060:	}
        -: 1061:		    
    #####: 1062:	else if (tributeRevealedCards[i] == estate || tributeRevealedCards[i] == duchy || tributeRevealedCards[i] == province || tributeRevealedCards[i] == gardens || tributeRevealedCards[i] == great_hall){//Victory Card Found
    #####: 1063:	  drawCard(currentPlayer, state);
    #####: 1064:	  drawCard(currentPlayer, state);
        -: 1065:	}
        -: 1066:	else{//Action Card
    #####: 1067:	  state->numActions = state->numActions + 2;
        -: 1068:	}
        -: 1069:      }
        -: 1070:	    
    #####: 1071:      return 0;
        -: 1072:		
    #####: 1073:    case ambassador:
    #####: 1074:      j = 0;		//used to check if player has enough cards to discard
        -: 1075:
    #####: 1076:      if (choice2 > 2 || choice2 < 0)
        -: 1077:	{
    #####: 1078:	  return -1;				
        -: 1079:	}
        -: 1080:
    #####: 1081:      if (choice1 == handPos)
        -: 1082:	{
    #####: 1083:	  return -1;
        -: 1084:	}
        -: 1085:
    #####: 1086:      for (i = 0; i < state->handCount[currentPlayer]; i++)
        -: 1087:	{
    #####: 1088:	  if (i != handPos && i == state->hand[currentPlayer][choice1] && i != choice1)
        -: 1089:	    {
    #####: 1090:	      j++;
        -: 1091:	    }
        -: 1092:	}
    #####: 1093:      if (j < choice2)
        -: 1094:	{
    #####: 1095:	  return -1;				
        -: 1096:	}
        -: 1097:
        -: 1098:      if (DEBUG) 
        -: 1099:	printf("Player %d reveals card number: %d\n", currentPlayer, state->hand[currentPlayer][choice1]);
        -: 1100:
        -: 1101:      //increase supply count for choosen card by amount being discarded
    #####: 1102:      state->supplyCount[state->hand[currentPlayer][choice1]] += choice2;
        -: 1103:			
        -: 1104:      //each other player gains a copy of revealed card
    #####: 1105:      for (i = 0; i < state->numPlayers; i++)
        -: 1106:	{
    #####: 1107:	  if (i != currentPlayer)
        -: 1108:	    {
    #####: 1109:	      gainCard(state->hand[currentPlayer][choice1], state, 0, i);
        -: 1110:	    }
        -: 1111:	}
        -: 1112:
        -: 1113:      //discard played card from hand
    #####: 1114:      discardCard(handPos, currentPlayer, state, 0);			
        -: 1115:
        -: 1116:      //trash copies of cards returned to supply
    #####: 1117:      for (j = 0; j < choice2; j++)
        -: 1118:	{
    #####: 1119:	  for (i = 0; i < state->handCount[currentPlayer]; i++)
        -: 1120:	    {
    #####: 1121:	      if (state->hand[currentPlayer][i] == state->hand[currentPlayer][choice1])
        -: 1122:		{
    #####: 1123:		  discardCard(i, currentPlayer, state, 1);
    #####: 1124:		  break;
        -: 1125:		}
        -: 1126:	    }
        -: 1127:	}			
        -: 1128:
    #####: 1129:      return 0;
        -: 1130:		
    #####: 1131:    case cutpurse:
        -: 1132:
    #####: 1133:      updateCoins(currentPlayer, state, 2);
    #####: 1134:      for (i = 0; i < state->numPlayers; i++)
        -: 1135:	{
    #####: 1136:	  if (i != currentPlayer)
        -: 1137:	    {
    #####: 1138:	      for (j = 0; j < state->handCount[i]; j++)
        -: 1139:		{
    #####: 1140:		  if (state->hand[i][j] == copper)
        -: 1141:		    {
    #####: 1142:		      discardCard(j, i, state, 0);
    #####: 1143:		      break;
        -: 1144:		    }
    #####: 1145:		  if (j == state->handCount[i])
        -: 1146:		    {
    #####: 1147:		      for (k = 0; k < state->handCount[i]; k++)
        -: 1148:			{
        -: 1149:			  if (DEBUG)
        -: 1150:			    printf("Player %d reveals card number %d\n", i, state->hand[i][k]);
        -: 1151:			}	
    #####: 1152:		      break;
        -: 1153:		    }		
        -: 1154:		}
        -: 1155:					
        -: 1156:	    }
        -: 1157:				
        -: 1158:	}				
        -: 1159:
        -: 1160:      //discard played card from hand
    #####: 1161:      discardCard(handPos, currentPlayer, state, 0);			
        -: 1162:
    #####: 1163:      return 0;
        -: 1164:
        -: 1165:		
    #####: 1166:    case embargo: 
        -: 1167:      //+2 Coins
    #####: 1168:      state->coins = state->coins + 2;
        -: 1169:			
        -: 1170:      //see if selected pile is in play
    #####: 1171:      if ( state->supplyCount[choice1] == -1 )
        -: 1172:	{
    #####: 1173:	  return -1;
        -: 1174:	}
        -: 1175:			
        -: 1176:      //add embargo token to selected supply pile
    #####: 1177:      state->embargoTokens[choice1]++;
        -: 1178:			
        -: 1179:      //trash card
    #####: 1180:      discardCard(handPos, currentPlayer, state, 1);		
    #####: 1181:      return 0;
        -: 1182:		
    #####: 1183:    case outpost:
        -: 1184:      //set outpost flag
    #####: 1185:      state->outpostPlayed++;
        -: 1186:			
        -: 1187:      //discard card
    #####: 1188:      discardCard(handPos, currentPlayer, state, 0);
    #####: 1189:      return 0;
        -: 1190:		
    #####: 1191:    case salvager:
        -: 1192:      //+1 buy
    #####: 1193:      state->numBuys++;
        -: 1194:			
    #####: 1195:      if (choice1)
        -: 1196:	{
        -: 1197:	  //gain coins equal to trashed card
    #####: 1198:	  state->coins = state->coins + getCost( handCard(choice1, state) );
        -: 1199:	  //trash card
    #####: 1200:	  discardCard(choice1, currentPlayer, state, 1);	
        -: 1201:	}
        -: 1202:			
        -: 1203:      //discard card
    #####: 1204:      discardCard(handPos, currentPlayer, state, 0);
    #####: 1205:      return 0;
        -: 1206:		
    #####: 1207:    case sea_hag:
    #####: 1208:      for (i = 0; i < state->numPlayers; i++){
    #####: 1209:	if (i != currentPlayer){
    #####: 1210:	  state->discard[i][state->discardCount[i]] = state->deck[i][state->deckCount[i]--];			    state->deckCount[i]--;
    #####: 1211:	  state->discardCount[i]++;
    #####: 1212:	  state->deck[i][state->deckCount[i]--] = curse;//Top card now a curse
        -: 1213:	}
        -: 1214:      }
    #####: 1215:      return 0;
        -: 1216:		
    #####: 1217:    case treasure_map:
        -: 1218:      //search hand for another treasure_map
    #####: 1219:      index = -1;
    #####: 1220:      for (i = 0; i < state->handCount[currentPlayer]; i++)
        -: 1221:	{
    #####: 1222:	  if (state->hand[currentPlayer][i] == treasure_map && i != handPos)
        -: 1223:	    {
    #####: 1224:	      index = i;
    #####: 1225:	      break;
        -: 1226:	    }
        -: 1227:	}
    #####: 1228:      if (index > -1)
        -: 1229:	{
        -: 1230:	  //trash both treasure cards
    #####: 1231:	  discardCard(handPos, currentPlayer, state, 1);
    #####: 1232:	  discardCard(index, currentPlayer, state, 1);
        -: 1233:
        -: 1234:	  //gain 4 Gold cards
    #####: 1235:	  for (i = 0; i < 4; i++)
        -: 1236:	    {
    #####: 1237:	      gainCard(gold, state, 1, currentPlayer);
        -: 1238:	    }
        -: 1239:				
        -: 1240:	  //return success
    #####: 1241:	  return 1;
        -: 1242:	}
        -: 1243:			
        -: 1244:      //no second treasure_map found in hand
    #####: 1245:      return -1;
        -: 1246:    }
        -: 1247:	
        1: 1248:  return -1;
        -: 1249:}
        -: 1250:
    #####: 1251:int discardCard(int handPos, int currentPlayer, struct gameState *state, int trashFlag)
        -: 1252:{
        -: 1253:	
        -: 1254:  //if card is not trashed, added to Played pile 
    #####: 1255:  if (trashFlag < 1)
        -: 1256:    {
        -: 1257:      //add card to played pile
    #####: 1258:      state->playedCards[state->playedCardCount] = state->hand[currentPlayer][handPos]; 
    #####: 1259:      state->playedCardCount++;
        -: 1260:    }
        -: 1261:	
        -: 1262:  //set played card to -1
    #####: 1263:  state->hand[currentPlayer][handPos] = -1;
        -: 1264:	
        -: 1265:  //remove card from player's hand
    #####: 1266:  if ( handPos == (state->handCount[currentPlayer] - 1) ) 	//last card in hand array is played
        -: 1267:    {
        -: 1268:      //reduce number of cards in hand
    #####: 1269:      state->handCount[currentPlayer]--;
        -: 1270:    }
    #####: 1271:  else if ( state->handCount[currentPlayer] == 1 ) //only one card in hand
        -: 1272:    {
        -: 1273:      //reduce number of cards in hand
    #####: 1274:      state->handCount[currentPlayer]--;
        -: 1275:    }
        -: 1276:  else 	
        -: 1277:    {
        -: 1278:      //replace discarded card with last card in hand
    #####: 1279:      state->hand[currentPlayer][handPos] = state->hand[currentPlayer][ (state->handCount[currentPlayer] - 1)];
        -: 1280:      //set last card to -1
    #####: 1281:      state->hand[currentPlayer][state->handCount[currentPlayer] - 1] = -1;
        -: 1282:      //reduce number of cards in hand
    #####: 1283:      state->handCount[currentPlayer]--;
        -: 1284:    }
        -: 1285:	
    #####: 1286:  return 0;
        -: 1287:}
        -: 1288:
    #####: 1289:int gainCard(int supplyPos, struct gameState *state, int toFlag, int player)
        -: 1290:{
        -: 1291:  //Note: supplyPos is enum of choosen card
        -: 1292:	
        -: 1293:  //check if supply pile is empty (0) or card is not used in game (-1)
    #####: 1294:  if ( supplyCount(supplyPos, state) < 1 )
        -: 1295:    {
    #####: 1296:      return -1;
        -: 1297:    }
        -: 1298:	
        -: 1299:  //added card for [whoseTurn] current player:
        -: 1300:  // toFlag = 0 : add to discard
        -: 1301:  // toFlag = 1 : add to deck
        -: 1302:  // toFlag = 2 : add to hand
        -: 1303:
    #####: 1304:  if (toFlag == 1)
        -: 1305:    {
    #####: 1306:      state->deck[ player ][ state->deckCount[player] ] = supplyPos;
    #####: 1307:      state->deckCount[player]++;
        -: 1308:    }
    #####: 1309:  else if (toFlag == 2)
        -: 1310:    {
    #####: 1311:      state->hand[ player ][ state->handCount[player] ] = supplyPos;
    #####: 1312:      state->handCount[player]++;
        -: 1313:    }
        -: 1314:  else
        -: 1315:    {
    #####: 1316:      state->discard[player][ state->discardCount[player] ] = supplyPos;
    #####: 1317:      state->discardCount[player]++;
        -: 1318:    }
        -: 1319:	
        -: 1320:  //decrease number in supply pile
    #####: 1321:  state->supplyCount[supplyPos]--;
        -: 1322:	 
    #####: 1323:  return 0;
        -: 1324:}
        -: 1325:
        1: 1326:int updateCoins(int player, struct gameState *state, int bonus)
        -: 1327:{
        -: 1328:  int i;
        -: 1329:	
        -: 1330:  //reset coin count
        1: 1331:  state->coins = 0;
        -: 1332:
        -: 1333:  //add coins for each Treasure card in player's hand
        6: 1334:  for (i = 0; i < state->handCount[player]; i++)
        -: 1335:    {
        5: 1336:      if (state->hand[player][i] == copper)
        -: 1337:	{
        4: 1338:	  state->coins += 1;
        -: 1339:	}
        1: 1340:      else if (state->hand[player][i] == silver)
        -: 1341:	{
    #####: 1342:	  state->coins += 2;
        -: 1343:	}
        1: 1344:      else if (state->hand[player][i] == gold)
        -: 1345:	{
    #####: 1346:	  state->coins += 3;
        -: 1347:	}	
        -: 1348:    }	
        -: 1349:
        -: 1350:  //add bonus
        1: 1351:  state->coins += bonus;
        -: 1352:
        1: 1353:  return 0;
        -: 1354:}
        -: 1355:
        -: 1356:
        -: 1357://end of dominion.c
        -: 1358:
